\BOOKMARK [1][-]{section.1}{\376\377\0001\000\040\000C\000l\000a\000s\000s\000\040\000D\000o\000c\000u\000m\000e\000n\000t\000a\000t\000i\000o\000n}{}% 1
\BOOKMARK [2][-]{subsection.1.1}{\376\377\0001\000.\0001\000\040\000A\000n\000i\000m\000a\000t\000i\000o\000n\000C\000o\000m\000p\000o\000n\000e\000n\000t\000\040\000S\000t\000r\000u\000c\000t\000\040\000R\000e\000f\000e\000r\000e\000n\000c\000e}{section.1}% 2
\BOOKMARK [3][-]{subsubsection.1.1.1}{\376\377\0001\000.\0001\000.\0001\000\040\000D\000e\000t\000a\000i\000l\000e\000d\000\040\000D\000e\000s\000c\000r\000i\000p\000t\000i\000o\000n}{subsection.1.1}% 3
\BOOKMARK [3][-]{subsubsection.1.1.2}{\376\377\0001\000.\0001\000.\0002\000\040\000C\000o\000n\000s\000t\000r\000u\000c\000t\000o\000r\000\040\000\046\000\040\000D\000e\000s\000t\000r\000u\000c\000t\000o\000r\000\040\000D\000o\000c\000u\000m\000e\000n\000t\000a\000t\000i\000o\000n}{subsection.1.1}% 4
\BOOKMARK [2][-]{subsection.1.2}{\376\377\0001\000.\0002\000\040\000A\000n\000i\000m\000a\000t\000i\000o\000n\000S\000y\000s\000t\000e\000m\000\040\000C\000l\000a\000s\000s\000\040\000R\000e\000f\000e\000r\000e\000n\000c\000e}{section.1}% 5
\BOOKMARK [3][-]{subsubsection.1.2.1}{\376\377\0001\000.\0002\000.\0001\000\040\000D\000e\000t\000a\000i\000l\000e\000d\000\040\000D\000e\000s\000c\000r\000i\000p\000t\000i\000o\000n}{subsection.1.2}% 6
\BOOKMARK [3][-]{subsubsection.1.2.2}{\376\377\0001\000.\0002\000.\0002\000\040\000C\000o\000n\000s\000t\000r\000u\000c\000t\000o\000r\000\040\000\046\000\040\000D\000e\000s\000t\000r\000u\000c\000t\000o\000r\000\040\000D\000o\000c\000u\000m\000e\000n\000t\000a\000t\000i\000o\000n}{subsection.1.2}% 7
\BOOKMARK [3][-]{subsubsection.1.2.3}{\376\377\0001\000.\0002\000.\0003\000\040\000M\000e\000m\000b\000e\000r\000\040\000F\000u\000n\000c\000t\000i\000o\000n\000\040\000D\000o\000c\000u\000m\000e\000n\000t\000a\000t\000i\000o\000n}{subsection.1.2}% 8
\BOOKMARK [2][-]{subsection.1.3}{\376\377\0001\000.\0003\000\040\000A\000s\000s\000e\000t\000M\000a\000n\000a\000g\000e\000r\000\040\000C\000l\000a\000s\000s\000\040\000R\000e\000f\000e\000r\000e\000n\000c\000e}{section.1}% 9
\BOOKMARK [3][-]{subsubsection.1.3.1}{\376\377\0001\000.\0003\000.\0001\000\040\000D\000e\000t\000a\000i\000l\000e\000d\000\040\000D\000e\000s\000c\000r\000i\000p\000t\000i\000o\000n}{subsection.1.3}% 10
\BOOKMARK [3][-]{subsubsection.1.3.2}{\376\377\0001\000.\0003\000.\0002\000\040\000M\000e\000m\000b\000e\000r\000\040\000F\000u\000n\000c\000t\000i\000o\000n\000\040\000D\000o\000c\000u\000m\000e\000n\000t\000a\000t\000i\000o\000n}{subsection.1.3}% 11
\BOOKMARK [2][-]{subsection.1.4}{\376\377\0001\000.\0004\000\040\000C\000h\000a\000r\000g\000e\000M\000a\000n\000a\000g\000e\000S\000y\000s\000t\000e\000m\000\040\000C\000l\000a\000s\000s\000\040\000R\000e\000f\000e\000r\000e\000n\000c\000e}{section.1}% 12
\BOOKMARK [3][-]{subsubsection.1.4.1}{\376\377\0001\000.\0004\000.\0001\000\040\000D\000e\000t\000a\000i\000l\000e\000d\000\040\000D\000e\000s\000c\000r\000i\000p\000t\000i\000o\000n}{subsection.1.4}% 13
\BOOKMARK [3][-]{subsubsection.1.4.2}{\376\377\0001\000.\0004\000.\0002\000\040\000C\000o\000n\000s\000t\000r\000u\000c\000t\000o\000r\000\040\000\046\000\040\000D\000e\000s\000t\000r\000u\000c\000t\000o\000r\000\040\000D\000o\000c\000u\000m\000e\000n\000t\000a\000t\000i\000o\000n}{subsection.1.4}% 14
\BOOKMARK [3][-]{subsubsection.1.4.3}{\376\377\0001\000.\0004\000.\0003\000\040\000M\000e\000m\000b\000e\000r\000\040\000F\000u\000n\000c\000t\000i\000o\000n\000\040\000D\000o\000c\000u\000m\000e\000n\000t\000a\000t\000i\000o\000n}{subsection.1.4}% 15
\BOOKMARK [2][-]{subsection.1.5}{\376\377\0001\000.\0005\000\040\000C\000i\000r\000c\000l\000e\000C\000o\000l\000l\000i\000d\000e\000r\000C\000o\000m\000p\000o\000n\000e\000n\000t\000\040\000S\000t\000r\000u\000c\000t\000\040\000R\000e\000f\000e\000r\000e\000n\000c\000e}{section.1}% 16
\BOOKMARK [3][-]{subsubsection.1.5.1}{\376\377\0001\000.\0005\000.\0001\000\040\000D\000e\000t\000a\000i\000l\000e\000d\000\040\000D\000e\000s\000c\000r\000i\000p\000t\000i\000o\000n}{subsection.1.5}% 17
\BOOKMARK [3][-]{subsubsection.1.5.2}{\376\377\0001\000.\0005\000.\0002\000\040\000C\000o\000n\000s\000t\000r\000u\000c\000t\000o\000r\000\040\000\046\000\040\000D\000e\000s\000t\000r\000u\000c\000t\000o\000r\000\040\000D\000o\000c\000u\000m\000e\000n\000t\000a\000t\000i\000o\000n}{subsection.1.5}% 18
\BOOKMARK [2][-]{subsection.1.6}{\376\377\0001\000.\0006\000\040\000C\000l\000i\000c\000k\000a\000b\000l\000e\000C\000o\000m\000p\000o\000n\000e\000n\000t\000\040\000S\000t\000r\000u\000c\000t\000\040\000R\000e\000f\000e\000r\000e\000n\000c\000e}{section.1}% 19
\BOOKMARK [3][-]{subsubsection.1.6.1}{\376\377\0001\000.\0006\000.\0001\000\040\000D\000e\000t\000a\000i\000l\000e\000d\000\040\000D\000e\000s\000c\000r\000i\000p\000t\000i\000o\000n}{subsection.1.6}% 20
\BOOKMARK [2][-]{subsection.1.7}{\376\377\0001\000.\0007\000\040\000C\000l\000i\000c\000k\000E\000v\000e\000n\000t\000\040\000C\000l\000a\000s\000s\000\040\000R\000e\000f\000e\000r\000e\000n\000c\000e}{section.1}% 21
\BOOKMARK [3][-]{subsubsection.1.7.1}{\376\377\0001\000.\0007\000.\0001\000\040\000D\000e\000t\000a\000i\000l\000e\000d\000\040\000D\000e\000s\000c\000r\000i\000p\000t\000i\000o\000n}{subsection.1.7}% 22
\BOOKMARK [3][-]{subsubsection.1.7.2}{\376\377\0001\000.\0007\000.\0002\000\040\000C\000o\000n\000s\000t\000r\000u\000c\000t\000o\000r\000\040\000\046\000\040\000D\000e\000s\000t\000r\000u\000c\000t\000o\000r\000\040\000D\000o\000c\000u\000m\000e\000n\000t\000a\000t\000i\000o\000n}{subsection.1.7}% 23
\BOOKMARK [2][-]{subsection.1.8}{\376\377\0001\000.\0008\000\040\000C\000o\000l\000l\000i\000s\000i\000o\000n\000E\000v\000e\000n\000t\000\040\000C\000l\000a\000s\000s\000\040\000R\000e\000f\000e\000r\000e\000n\000c\000e}{section.1}% 24
\BOOKMARK [3][-]{subsubsection.1.8.1}{\376\377\0001\000.\0008\000.\0001\000\040\000D\000e\000t\000a\000i\000l\000e\000d\000\040\000D\000e\000s\000c\000r\000i\000p\000t\000i\000o\000n}{subsection.1.8}% 25
\BOOKMARK [3][-]{subsubsection.1.8.2}{\376\377\0001\000.\0008\000.\0002\000\040\000C\000o\000n\000s\000t\000r\000u\000c\000t\000o\000r\000\040\000\046\000\040\000D\000e\000s\000t\000r\000u\000c\000t\000o\000r\000\040\000D\000o\000c\000u\000m\000e\000n\000t\000a\000t\000i\000o\000n}{subsection.1.8}% 26
\BOOKMARK [2][-]{subsection.1.9}{\376\377\0001\000.\0009\000\040\000C\000o\000l\000l\000i\000s\000i\000o\000n\000S\000y\000s\000t\000e\000m\000\040\000C\000l\000a\000s\000s\000\040\000R\000e\000f\000e\000r\000e\000n\000c\000e}{section.1}% 27
\BOOKMARK [3][-]{subsubsection.1.9.1}{\376\377\0001\000.\0009\000.\0001\000\040\000D\000e\000t\000a\000i\000l\000e\000d\000\040\000D\000e\000s\000c\000r\000i\000p\000t\000i\000o\000n}{subsection.1.9}% 28
\BOOKMARK [3][-]{subsubsection.1.9.2}{\376\377\0001\000.\0009\000.\0002\000\040\000C\000o\000n\000s\000t\000r\000u\000c\000t\000o\000r\000\040\000\046\000\040\000D\000e\000s\000t\000r\000u\000c\000t\000o\000r\000\040\000D\000o\000c\000u\000m\000e\000n\000t\000a\000t\000i\000o\000n}{subsection.1.9}% 29
\BOOKMARK [3][-]{subsubsection.1.9.3}{\376\377\0001\000.\0009\000.\0003\000\040\000M\000e\000m\000b\000e\000r\000\040\000F\000u\000n\000c\000t\000i\000o\000n\000\040\000D\000o\000c\000u\000m\000e\000n\000t\000a\000t\000i\000o\000n}{subsection.1.9}% 30
\BOOKMARK [2][-]{subsection.1.10}{\376\377\0001\000.\0001\0000\000\040\000C\000o\000m\000p\000o\000n\000e\000n\000t\000<\000\040\000T\000C\000o\000m\000p\000o\000n\000e\000n\000t\000\040\000>\000\040\000C\000l\000a\000s\000s\000\040\000T\000e\000m\000p\000l\000a\000t\000e\000\040\000R\000e\000f\000e\000r\000e\000n\000c\000e}{section.1}% 31
\BOOKMARK [3][-]{subsubsection.1.10.1}{\376\377\0001\000.\0001\0000\000.\0001\000\040\000D\000e\000t\000a\000i\000l\000e\000d\000\040\000D\000e\000s\000c\000r\000i\000p\000t\000i\000o\000n}{subsection.1.10}% 32
\BOOKMARK [3][-]{subsubsection.1.10.2}{\376\377\0001\000.\0001\0000\000.\0002\000\040\000M\000e\000m\000b\000e\000r\000\040\000F\000u\000n\000c\000t\000i\000o\000n\000\040\000D\000o\000c\000u\000m\000e\000n\000t\000a\000t\000i\000o\000n}{subsection.1.10}% 33
\BOOKMARK [2][-]{subsection.1.11}{\376\377\0001\000.\0001\0001\000\040\000C\000o\000n\000t\000r\000o\000l\000l\000e\000r\000M\000a\000n\000a\000g\000e\000r\000\040\000C\000l\000a\000s\000s\000\040\000R\000e\000f\000e\000r\000e\000n\000c\000e}{section.1}% 34
\BOOKMARK [3][-]{subsubsection.1.11.1}{\376\377\0001\000.\0001\0001\000.\0001\000\040\000D\000e\000t\000a\000i\000l\000e\000d\000\040\000D\000e\000s\000c\000r\000i\000p\000t\000i\000o\000n}{subsection.1.11}% 35
\BOOKMARK [3][-]{subsubsection.1.11.2}{\376\377\0001\000.\0001\0001\000.\0002\000\040\000M\000e\000m\000b\000e\000r\000\040\000F\000u\000n\000c\000t\000i\000o\000n\000\040\000D\000o\000c\000u\000m\000e\000n\000t\000a\000t\000i\000o\000n}{subsection.1.11}% 36
\BOOKMARK [2][-]{subsection.1.12}{\376\377\0001\000.\0001\0002\000\040\000D\000a\000m\000a\000g\000e\000C\000h\000a\000r\000g\000e\000C\000o\000m\000p\000o\000n\000e\000n\000t\000\040\000S\000t\000r\000u\000c\000t\000\040\000R\000e\000f\000e\000r\000e\000n\000c\000e}{section.1}% 37
\BOOKMARK [3][-]{subsubsection.1.12.1}{\376\377\0001\000.\0001\0002\000.\0001\000\040\000D\000e\000t\000a\000i\000l\000e\000d\000\040\000D\000e\000s\000c\000r\000i\000p\000t\000i\000o\000n}{subsection.1.12}% 38
\BOOKMARK [3][-]{subsubsection.1.12.2}{\376\377\0001\000.\0001\0002\000.\0002\000\040\000C\000o\000n\000s\000t\000r\000u\000c\000t\000o\000r\000\040\000\046\000\040\000D\000e\000s\000t\000r\000u\000c\000t\000o\000r\000\040\000D\000o\000c\000u\000m\000e\000n\000t\000a\000t\000i\000o\000n}{subsection.1.12}% 39
\BOOKMARK [3][-]{subsubsection.1.12.3}{\376\377\0001\000.\0001\0002\000.\0003\000\040\000M\000e\000m\000b\000e\000r\000\040\000F\000u\000n\000c\000t\000i\000o\000n\000\040\000D\000o\000c\000u\000m\000e\000n\000t\000a\000t\000i\000o\000n}{subsection.1.12}% 40
\BOOKMARK [2][-]{subsection.1.13}{\376\377\0001\000.\0001\0003\000\040\000D\000a\000m\000a\000g\000e\000S\000y\000s\000t\000e\000m\000\040\000C\000l\000a\000s\000s\000\040\000R\000e\000f\000e\000r\000e\000n\000c\000e}{section.1}% 41
\BOOKMARK [3][-]{subsubsection.1.13.1}{\376\377\0001\000.\0001\0003\000.\0001\000\040\000D\000e\000t\000a\000i\000l\000e\000d\000\040\000D\000e\000s\000c\000r\000i\000p\000t\000i\000o\000n}{subsection.1.13}% 42
\BOOKMARK [3][-]{subsubsection.1.13.2}{\376\377\0001\000.\0001\0003\000.\0002\000\040\000C\000o\000n\000s\000t\000r\000u\000c\000t\000o\000r\000\040\000\046\000\040\000D\000e\000s\000t\000r\000u\000c\000t\000o\000r\000\040\000D\000o\000c\000u\000m\000e\000n\000t\000a\000t\000i\000o\000n}{subsection.1.13}% 43
\BOOKMARK [3][-]{subsubsection.1.13.3}{\376\377\0001\000.\0001\0003\000.\0003\000\040\000M\000e\000m\000b\000e\000r\000\040\000F\000u\000n\000c\000t\000i\000o\000n\000\040\000D\000o\000c\000u\000m\000e\000n\000t\000a\000t\000i\000o\000n}{subsection.1.13}% 44
\BOOKMARK [2][-]{subsection.1.14}{\376\377\0001\000.\0001\0004\000\040\000D\000r\000a\000w\000a\000b\000l\000e\000C\000o\000m\000p\000o\000n\000e\000n\000t\000\040\000S\000t\000r\000u\000c\000t\000\040\000R\000e\000f\000e\000r\000e\000n\000c\000e}{section.1}% 45
\BOOKMARK [3][-]{subsubsection.1.14.1}{\376\377\0001\000.\0001\0004\000.\0001\000\040\000D\000e\000t\000a\000i\000l\000e\000d\000\040\000D\000e\000s\000c\000r\000i\000p\000t\000i\000o\000n}{subsection.1.14}% 46
\BOOKMARK [3][-]{subsubsection.1.14.2}{\376\377\0001\000.\0001\0004\000.\0002\000\040\000C\000o\000n\000s\000t\000r\000u\000c\000t\000o\000r\000\040\000\046\000\040\000D\000e\000s\000t\000r\000u\000c\000t\000o\000r\000\040\000D\000o\000c\000u\000m\000e\000n\000t\000a\000t\000i\000o\000n}{subsection.1.14}% 47
\BOOKMARK [2][-]{subsection.1.15}{\376\377\0001\000.\0001\0005\000\040\000D\000r\000a\000w\000i\000n\000g\000E\000f\000f\000e\000c\000t\000S\000y\000s\000t\000e\000m\000\040\000C\000l\000a\000s\000s\000\040\000R\000e\000f\000e\000r\000e\000n\000c\000e}{section.1}% 48
\BOOKMARK [3][-]{subsubsection.1.15.1}{\376\377\0001\000.\0001\0005\000.\0001\000\040\000D\000e\000t\000a\000i\000l\000e\000d\000\040\000D\000e\000s\000c\000r\000i\000p\000t\000i\000o\000n}{subsection.1.15}% 49
\BOOKMARK [3][-]{subsubsection.1.15.2}{\376\377\0001\000.\0001\0005\000.\0002\000\040\000C\000o\000n\000s\000t\000r\000u\000c\000t\000o\000r\000\040\000\046\000\040\000D\000e\000s\000t\000r\000u\000c\000t\000o\000r\000\040\000D\000o\000c\000u\000m\000e\000n\000t\000a\000t\000i\000o\000n}{subsection.1.15}% 50
\BOOKMARK [3][-]{subsubsection.1.15.3}{\376\377\0001\000.\0001\0005\000.\0003\000\040\000M\000e\000m\000b\000e\000r\000\040\000F\000u\000n\000c\000t\000i\000o\000n\000\040\000D\000o\000c\000u\000m\000e\000n\000t\000a\000t\000i\000o\000n}{subsection.1.15}% 51
\BOOKMARK [2][-]{subsection.1.16}{\376\377\0001\000.\0001\0006\000\040\000D\000r\000a\000w\000S\000y\000s\000t\000e\000m\000\040\000C\000l\000a\000s\000s\000\040\000R\000e\000f\000e\000r\000e\000n\000c\000e}{section.1}% 52
\BOOKMARK [3][-]{subsubsection.1.16.1}{\376\377\0001\000.\0001\0006\000.\0001\000\040\000D\000e\000t\000a\000i\000l\000e\000d\000\040\000D\000e\000s\000c\000r\000i\000p\000t\000i\000o\000n}{subsection.1.16}% 53
\BOOKMARK [3][-]{subsubsection.1.16.2}{\376\377\0001\000.\0001\0006\000.\0002\000\040\000C\000o\000n\000s\000t\000r\000u\000c\000t\000o\000r\000\040\000\046\000\040\000D\000e\000s\000t\000r\000u\000c\000t\000o\000r\000\040\000D\000o\000c\000u\000m\000e\000n\000t\000a\000t\000i\000o\000n}{subsection.1.16}% 54
\BOOKMARK [3][-]{subsubsection.1.16.3}{\376\377\0001\000.\0001\0006\000.\0003\000\040\000M\000e\000m\000b\000e\000r\000\040\000F\000u\000n\000c\000t\000i\000o\000n\000\040\000D\000o\000c\000u\000m\000e\000n\000t\000a\000t\000i\000o\000n}{subsection.1.16}% 55
\BOOKMARK [2][-]{subsection.1.17}{\376\377\0001\000.\0001\0007\000\040\000E\000f\000f\000e\000c\000t\000R\000e\000c\000e\000i\000v\000e\000r\000C\000o\000m\000p\000o\000n\000e\000n\000t\000\040\000S\000t\000r\000u\000c\000t\000\040\000R\000e\000f\000e\000r\000e\000n\000c\000e}{section.1}% 56
\BOOKMARK [3][-]{subsubsection.1.17.1}{\376\377\0001\000.\0001\0007\000.\0001\000\040\000D\000e\000t\000a\000i\000l\000e\000d\000\040\000D\000e\000s\000c\000r\000i\000p\000t\000i\000o\000n}{subsection.1.17}% 57
\BOOKMARK [2][-]{subsection.1.18}{\376\377\0001\000.\0001\0008\000\040\000E\000n\000e\000m\000y\000C\000o\000m\000p\000o\000n\000e\000n\000t\000\040\000S\000t\000r\000u\000c\000t\000\040\000R\000e\000f\000e\000r\000e\000n\000c\000e}{section.1}% 58
\BOOKMARK [3][-]{subsubsection.1.18.1}{\376\377\0001\000.\0001\0008\000.\0001\000\040\000D\000e\000t\000a\000i\000l\000e\000d\000\040\000D\000e\000s\000c\000r\000i\000p\000t\000i\000o\000n}{subsection.1.18}% 59
\BOOKMARK [3][-]{subsubsection.1.18.2}{\376\377\0001\000.\0001\0008\000.\0002\000\040\000C\000o\000n\000s\000t\000r\000u\000c\000t\000o\000r\000\040\000\046\000\040\000D\000e\000s\000t\000r\000u\000c\000t\000o\000r\000\040\000D\000o\000c\000u\000m\000e\000n\000t\000a\000t\000i\000o\000n}{subsection.1.18}% 60
\BOOKMARK [2][-]{subsection.1.19}{\376\377\0001\000.\0001\0009\000\040\000E\000n\000e\000m\000y\000S\000y\000s\000t\000e\000m\000\040\000C\000l\000a\000s\000s\000\040\000R\000e\000f\000e\000r\000e\000n\000c\000e}{section.1}% 61
\BOOKMARK [3][-]{subsubsection.1.19.1}{\376\377\0001\000.\0001\0009\000.\0001\000\040\000D\000e\000t\000a\000i\000l\000e\000d\000\040\000D\000e\000s\000c\000r\000i\000p\000t\000i\000o\000n}{subsection.1.19}% 62
\BOOKMARK [3][-]{subsubsection.1.19.2}{\376\377\0001\000.\0001\0009\000.\0002\000\040\000C\000o\000n\000s\000t\000r\000u\000c\000t\000o\000r\000\040\000\046\000\040\000D\000e\000s\000t\000r\000u\000c\000t\000o\000r\000\040\000D\000o\000c\000u\000m\000e\000n\000t\000a\000t\000i\000o\000n}{subsection.1.19}% 63
\BOOKMARK [3][-]{subsubsection.1.19.3}{\376\377\0001\000.\0001\0009\000.\0003\000\040\000M\000e\000m\000b\000e\000r\000\040\000F\000u\000n\000c\000t\000i\000o\000n\000\040\000D\000o\000c\000u\000m\000e\000n\000t\000a\000t\000i\000o\000n}{subsection.1.19}% 64
\BOOKMARK [2][-]{subsection.1.20}{\376\377\0001\000.\0002\0000\000\040\000E\000n\000t\000i\000t\000y\000\040\000C\000l\000a\000s\000s\000\040\000R\000e\000f\000e\000r\000e\000n\000c\000e}{section.1}% 65
\BOOKMARK [3][-]{subsubsection.1.20.1}{\376\377\0001\000.\0002\0000\000.\0001\000\040\000D\000e\000t\000a\000i\000l\000e\000d\000\040\000D\000e\000s\000c\000r\000i\000p\000t\000i\000o\000n}{subsection.1.20}% 66
\BOOKMARK [3][-]{subsubsection.1.20.2}{\376\377\0001\000.\0002\0000\000.\0002\000\040\000C\000o\000n\000s\000t\000r\000u\000c\000t\000o\000r\000\040\000\046\000\040\000D\000e\000s\000t\000r\000u\000c\000t\000o\000r\000\040\000D\000o\000c\000u\000m\000e\000n\000t\000a\000t\000i\000o\000n}{subsection.1.20}% 67
\BOOKMARK [3][-]{subsubsection.1.20.3}{\376\377\0001\000.\0002\0000\000.\0003\000\040\000M\000e\000m\000b\000e\000r\000\040\000F\000u\000n\000c\000t\000i\000o\000n\000\040\000D\000o\000c\000u\000m\000e\000n\000t\000a\000t\000i\000o\000n}{subsection.1.20}% 68
\BOOKMARK [2][-]{subsection.1.21}{\376\377\0001\000.\0002\0001\000\040\000E\000v\000e\000n\000t\000\040\000C\000l\000a\000s\000s\000\040\000R\000e\000f\000e\000r\000e\000n\000c\000e}{section.1}% 69
\BOOKMARK [3][-]{subsubsection.1.21.1}{\376\377\0001\000.\0002\0001\000.\0001\000\040\000D\000e\000t\000a\000i\000l\000e\000d\000\040\000D\000e\000s\000c\000r\000i\000p\000t\000i\000o\000n}{subsection.1.21}% 70
\BOOKMARK [2][-]{subsection.1.22}{\376\377\0001\000.\0002\0002\000\040\000E\000v\000e\000n\000t\000C\000a\000l\000l\000b\000a\000c\000k\000<\000\040\000T\000O\000w\000n\000e\000r\000,\000\040\000T\000E\000v\000e\000n\000t\000\040\000>\000\040\000C\000l\000a\000s\000s\000\040\000T\000e\000m\000p\000l\000a\000t\000e\000\040\000R\000e\000f\000e\000r\000e\000n\000c\000e}{section.1}% 71
\BOOKMARK [3][-]{subsubsection.1.22.1}{\376\377\0001\000.\0002\0002\000.\0001\000\040\000D\000e\000t\000a\000i\000l\000e\000d\000\040\000D\000e\000s\000c\000r\000i\000p\000t\000i\000o\000n}{subsection.1.22}% 72
\BOOKMARK [3][-]{subsubsection.1.22.2}{\376\377\0001\000.\0002\0002\000.\0002\000\040\000C\000o\000n\000s\000t\000r\000u\000c\000t\000o\000r\000\040\000\046\000\040\000D\000e\000s\000t\000r\000u\000c\000t\000o\000r\000\040\000D\000o\000c\000u\000m\000e\000n\000t\000a\000t\000i\000o\000n}{subsection.1.22}% 73
\BOOKMARK [2][-]{subsection.1.23}{\376\377\0001\000.\0002\0003\000\040\000E\000v\000e\000n\000t\000M\000a\000n\000a\000g\000e\000r\000\040\000C\000l\000a\000s\000s\000\040\000R\000e\000f\000e\000r\000e\000n\000c\000e}{section.1}% 74
\BOOKMARK [3][-]{subsubsection.1.23.1}{\376\377\0001\000.\0002\0003\000.\0001\000\040\000D\000e\000t\000a\000i\000l\000e\000d\000\040\000D\000e\000s\000c\000r\000i\000p\000t\000i\000o\000n}{subsection.1.23}% 75
\BOOKMARK [3][-]{subsubsection.1.23.2}{\376\377\0001\000.\0002\0003\000.\0002\000\040\000M\000e\000m\000b\000e\000r\000\040\000F\000u\000n\000c\000t\000i\000o\000n\000\040\000D\000o\000c\000u\000m\000e\000n\000t\000a\000t\000i\000o\000n}{subsection.1.23}% 76
\BOOKMARK [2][-]{subsection.1.24}{\376\377\0001\000.\0002\0004\000\040\000G\000a\000m\000e\000\040\000C\000l\000a\000s\000s\000\040\000R\000e\000f\000e\000r\000e\000n\000c\000e}{section.1}% 77
\BOOKMARK [3][-]{subsubsection.1.24.1}{\376\377\0001\000.\0002\0004\000.\0001\000\040\000D\000e\000t\000a\000i\000l\000e\000d\000\040\000D\000e\000s\000c\000r\000i\000p\000t\000i\000o\000n}{subsection.1.24}% 78
\BOOKMARK [3][-]{subsubsection.1.24.2}{\376\377\0001\000.\0002\0004\000.\0002\000\040\000M\000e\000m\000b\000e\000r\000\040\000F\000u\000n\000c\000t\000i\000o\000n\000\040\000D\000o\000c\000u\000m\000e\000n\000t\000a\000t\000i\000o\000n}{subsection.1.24}% 79
\BOOKMARK [2][-]{subsection.1.25}{\376\377\0001\000.\0002\0005\000\040\000H\000e\000a\000l\000t\000h\000C\000o\000m\000p\000o\000n\000e\000n\000t\000\040\000S\000t\000r\000u\000c\000t\000\040\000R\000e\000f\000e\000r\000e\000n\000c\000e}{section.1}% 80
\BOOKMARK [3][-]{subsubsection.1.25.1}{\376\377\0001\000.\0002\0005\000.\0001\000\040\000D\000e\000t\000a\000i\000l\000e\000d\000\040\000D\000e\000s\000c\000r\000i\000p\000t\000i\000o\000n}{subsection.1.25}% 81
\BOOKMARK [3][-]{subsubsection.1.25.2}{\376\377\0001\000.\0002\0005\000.\0002\000\040\000C\000o\000n\000s\000t\000r\000u\000c\000t\000o\000r\000\040\000\046\000\040\000D\000e\000s\000t\000r\000u\000c\000t\000o\000r\000\040\000D\000o\000c\000u\000m\000e\000n\000t\000a\000t\000i\000o\000n}{subsection.1.25}% 82
\BOOKMARK [2][-]{subsection.1.26}{\376\377\0001\000.\0002\0006\000\040\000H\000e\000a\000l\000t\000h\000S\000y\000s\000t\000e\000m\000\040\000C\000l\000a\000s\000s\000\040\000R\000e\000f\000e\000r\000e\000n\000c\000e}{section.1}% 83
\BOOKMARK [3][-]{subsubsection.1.26.1}{\376\377\0001\000.\0002\0006\000.\0001\000\040\000D\000e\000t\000a\000i\000l\000e\000d\000\040\000D\000e\000s\000c\000r\000i\000p\000t\000i\000o\000n}{subsection.1.26}% 84
\BOOKMARK [3][-]{subsubsection.1.26.2}{\376\377\0001\000.\0002\0006\000.\0002\000\040\000C\000o\000n\000s\000t\000r\000u\000c\000t\000o\000r\000\040\000\046\000\040\000D\000e\000s\000t\000r\000u\000c\000t\000o\000r\000\040\000D\000o\000c\000u\000m\000e\000n\000t\000a\000t\000i\000o\000n}{subsection.1.26}% 85
\BOOKMARK [3][-]{subsubsection.1.26.3}{\376\377\0001\000.\0002\0006\000.\0003\000\040\000M\000e\000m\000b\000e\000r\000\040\000F\000u\000n\000c\000t\000i\000o\000n\000\040\000D\000o\000c\000u\000m\000e\000n\000t\000a\000t\000i\000o\000n}{subsection.1.26}% 86
\BOOKMARK [2][-]{subsection.1.27}{\376\377\0001\000.\0002\0007\000\040\000I\000C\000o\000m\000p\000o\000n\000e\000n\000t\000\040\000C\000l\000a\000s\000s\000\040\000R\000e\000f\000e\000r\000e\000n\000c\000e}{section.1}% 87
\BOOKMARK [3][-]{subsubsection.1.27.1}{\376\377\0001\000.\0002\0007\000.\0001\000\040\000D\000e\000t\000a\000i\000l\000e\000d\000\040\000D\000e\000s\000c\000r\000i\000p\000t\000i\000o\000n}{subsection.1.27}% 88
\BOOKMARK [2][-]{subsection.1.28}{\376\377\0001\000.\0002\0008\000\040\000I\000d\000e\000n\000t\000i\000f\000i\000e\000r\000C\000o\000m\000p\000o\000n\000e\000n\000t\000\040\000S\000t\000r\000u\000c\000t\000\040\000R\000e\000f\000e\000r\000e\000n\000c\000e}{section.1}% 89
\BOOKMARK [3][-]{subsubsection.1.28.1}{\376\377\0001\000.\0002\0008\000.\0001\000\040\000D\000e\000t\000a\000i\000l\000e\000d\000\040\000D\000e\000s\000c\000r\000i\000p\000t\000i\000o\000n}{subsection.1.28}% 90
\BOOKMARK [3][-]{subsubsection.1.28.2}{\376\377\0001\000.\0002\0008\000.\0002\000\040\000C\000o\000n\000s\000t\000r\000u\000c\000t\000o\000r\000\040\000\046\000\040\000D\000e\000s\000t\000r\000u\000c\000t\000o\000r\000\040\000D\000o\000c\000u\000m\000e\000n\000t\000a\000t\000i\000o\000n}{subsection.1.28}% 91
\BOOKMARK [2][-]{subsection.1.29}{\376\377\0001\000.\0002\0009\000\040\000I\000E\000v\000e\000n\000t\000C\000a\000l\000l\000b\000a\000c\000k\000\040\000C\000l\000a\000s\000s\000\040\000R\000e\000f\000e\000r\000e\000n\000c\000e}{section.1}% 92
\BOOKMARK [3][-]{subsubsection.1.29.1}{\376\377\0001\000.\0002\0009\000.\0001\000\040\000D\000e\000t\000a\000i\000l\000e\000d\000\040\000D\000e\000s\000c\000r\000i\000p\000t\000i\000o\000n}{subsection.1.29}% 93
\BOOKMARK [3][-]{subsubsection.1.29.2}{\376\377\0001\000.\0002\0009\000.\0002\000\040\000M\000e\000m\000b\000e\000r\000\040\000F\000u\000n\000c\000t\000i\000o\000n\000\040\000D\000o\000c\000u\000m\000e\000n\000t\000a\000t\000i\000o\000n}{subsection.1.29}% 94
\BOOKMARK [2][-]{subsection.1.30}{\376\377\0001\000.\0003\0000\000\040\000I\000P\000o\000o\000l\000\040\000C\000l\000a\000s\000s\000\040\000R\000e\000f\000e\000r\000e\000n\000c\000e}{section.1}% 95
\BOOKMARK [3][-]{subsubsection.1.30.1}{\376\377\0001\000.\0003\0000\000.\0001\000\040\000D\000e\000t\000a\000i\000l\000e\000d\000\040\000D\000e\000s\000c\000r\000i\000p\000t\000i\000o\000n}{subsection.1.30}% 96
\BOOKMARK [2][-]{subsection.1.31}{\376\377\0001\000.\0003\0001\000\040\000M\000o\000v\000e\000m\000e\000n\000t\000S\000y\000s\000t\000e\000m\000\040\000C\000l\000a\000s\000s\000\040\000R\000e\000f\000e\000r\000e\000n\000c\000e}{section.1}% 97
\BOOKMARK [3][-]{subsubsection.1.31.1}{\376\377\0001\000.\0003\0001\000.\0001\000\040\000D\000e\000t\000a\000i\000l\000e\000d\000\040\000D\000e\000s\000c\000r\000i\000p\000t\000i\000o\000n}{subsection.1.31}% 98
\BOOKMARK [3][-]{subsubsection.1.31.2}{\376\377\0001\000.\0003\0001\000.\0002\000\040\000C\000o\000n\000s\000t\000r\000u\000c\000t\000o\000r\000\040\000\046\000\040\000D\000e\000s\000t\000r\000u\000c\000t\000o\000r\000\040\000D\000o\000c\000u\000m\000e\000n\000t\000a\000t\000i\000o\000n}{subsection.1.31}% 99
\BOOKMARK [3][-]{subsubsection.1.31.3}{\376\377\0001\000.\0003\0001\000.\0003\000\040\000M\000e\000m\000b\000e\000r\000\040\000F\000u\000n\000c\000t\000i\000o\000n\000\040\000D\000o\000c\000u\000m\000e\000n\000t\000a\000t\000i\000o\000n}{subsection.1.31}% 100
\BOOKMARK [2][-]{subsection.1.32}{\376\377\0001\000.\0003\0002\000\040\000P\000o\000o\000l\000<\000\040\000T\000C\000o\000m\000p\000o\000n\000e\000n\000t\000\040\000>\000\040\000C\000l\000a\000s\000s\000\040\000T\000e\000m\000p\000l\000a\000t\000e\000\040\000R\000e\000f\000e\000r\000e\000n\000c\000e}{section.1}% 101
\BOOKMARK [3][-]{subsubsection.1.32.1}{\376\377\0001\000.\0003\0002\000.\0001\000\040\000D\000e\000t\000a\000i\000l\000e\000d\000\040\000D\000e\000s\000c\000r\000i\000p\000t\000i\000o\000n}{subsection.1.32}% 102
\BOOKMARK [3][-]{subsubsection.1.32.2}{\376\377\0001\000.\0003\0002\000.\0002\000\040\000C\000o\000n\000s\000t\000r\000u\000c\000t\000o\000r\000\040\000\046\000\040\000D\000e\000s\000t\000r\000u\000c\000t\000o\000r\000\040\000D\000o\000c\000u\000m\000e\000n\000t\000a\000t\000i\000o\000n}{subsection.1.32}% 103
\BOOKMARK [3][-]{subsubsection.1.32.3}{\376\377\0001\000.\0003\0002\000.\0003\000\040\000M\000e\000m\000b\000e\000r\000\040\000F\000u\000n\000c\000t\000i\000o\000n\000\040\000D\000o\000c\000u\000m\000e\000n\000t\000a\000t\000i\000o\000n}{subsection.1.32}% 104
\BOOKMARK [2][-]{subsection.1.33}{\376\377\0001\000.\0003\0003\000\040\000P\000r\000o\000j\000e\000c\000t\000i\000l\000e\000C\000o\000m\000p\000o\000n\000e\000n\000t\000\040\000S\000t\000r\000u\000c\000t\000\040\000R\000e\000f\000e\000r\000e\000n\000c\000e}{section.1}% 105
\BOOKMARK [3][-]{subsubsection.1.33.1}{\376\377\0001\000.\0003\0003\000.\0001\000\040\000D\000e\000t\000a\000i\000l\000e\000d\000\040\000D\000e\000s\000c\000r\000i\000p\000t\000i\000o\000n}{subsection.1.33}% 106
\BOOKMARK [3][-]{subsubsection.1.33.2}{\376\377\0001\000.\0003\0003\000.\0002\000\040\000C\000o\000n\000s\000t\000r\000u\000c\000t\000o\000r\000\040\000\046\000\040\000D\000e\000s\000t\000r\000u\000c\000t\000o\000r\000\040\000D\000o\000c\000u\000m\000e\000n\000t\000a\000t\000i\000o\000n}{subsection.1.33}% 107
\BOOKMARK [2][-]{subsection.1.34}{\376\377\0001\000.\0003\0004\000\040\000R\000e\000g\000i\000s\000t\000r\000y\000\040\000C\000l\000a\000s\000s\000\040\000R\000e\000f\000e\000r\000e\000n\000c\000e}{section.1}% 108
\BOOKMARK [3][-]{subsubsection.1.34.1}{\376\377\0001\000.\0003\0004\000.\0001\000\040\000D\000e\000t\000a\000i\000l\000e\000d\000\040\000D\000e\000s\000c\000r\000i\000p\000t\000i\000o\000n}{subsection.1.34}% 109
\BOOKMARK [3][-]{subsubsection.1.34.2}{\376\377\0001\000.\0003\0004\000.\0002\000\040\000M\000e\000m\000b\000e\000r\000\040\000F\000u\000n\000c\000t\000i\000o\000n\000\040\000D\000o\000c\000u\000m\000e\000n\000t\000a\000t\000i\000o\000n}{subsection.1.34}% 110
\BOOKMARK [2][-]{subsection.1.35}{\376\377\0001\000.\0003\0005\000\040\000R\000e\000n\000d\000e\000r\000S\000y\000s\000t\000e\000m\000\040\000C\000l\000a\000s\000s\000\040\000R\000e\000f\000e\000r\000e\000n\000c\000e}{section.1}% 111
\BOOKMARK [3][-]{subsubsection.1.35.1}{\376\377\0001\000.\0003\0005\000.\0001\000\040\000D\000e\000t\000a\000i\000l\000e\000d\000\040\000D\000e\000s\000c\000r\000i\000p\000t\000i\000o\000n}{subsection.1.35}% 112
\BOOKMARK [3][-]{subsubsection.1.35.2}{\376\377\0001\000.\0003\0005\000.\0002\000\040\000C\000o\000n\000s\000t\000r\000u\000c\000t\000o\000r\000\040\000\046\000\040\000D\000e\000s\000t\000r\000u\000c\000t\000o\000r\000\040\000D\000o\000c\000u\000m\000e\000n\000t\000a\000t\000i\000o\000n}{subsection.1.35}% 113
\BOOKMARK [3][-]{subsubsection.1.35.3}{\376\377\0001\000.\0003\0005\000.\0003\000\040\000M\000e\000m\000b\000e\000r\000\040\000F\000u\000n\000c\000t\000i\000o\000n\000\040\000D\000o\000c\000u\000m\000e\000n\000t\000a\000t\000i\000o\000n}{subsection.1.35}% 114
\BOOKMARK [2][-]{subsection.1.36}{\376\377\0001\000.\0003\0006\000\040\000R\000e\000n\000d\000e\000r\000T\000e\000x\000t\000S\000y\000s\000t\000e\000m\000\040\000C\000l\000a\000s\000s\000\040\000R\000e\000f\000e\000r\000e\000n\000c\000e}{section.1}% 115
\BOOKMARK [3][-]{subsubsection.1.36.1}{\376\377\0001\000.\0003\0006\000.\0001\000\040\000D\000e\000t\000a\000i\000l\000e\000d\000\040\000D\000e\000s\000c\000r\000i\000p\000t\000i\000o\000n}{subsection.1.36}% 116
\BOOKMARK [3][-]{subsubsection.1.36.2}{\376\377\0001\000.\0003\0006\000.\0002\000\040\000C\000o\000n\000s\000t\000r\000u\000c\000t\000o\000r\000\040\000\046\000\040\000D\000e\000s\000t\000r\000u\000c\000t\000o\000r\000\040\000D\000o\000c\000u\000m\000e\000n\000t\000a\000t\000i\000o\000n}{subsection.1.36}% 117
\BOOKMARK [3][-]{subsubsection.1.36.3}{\376\377\0001\000.\0003\0006\000.\0003\000\040\000M\000e\000m\000b\000e\000r\000\040\000F\000u\000n\000c\000t\000i\000o\000n\000\040\000D\000o\000c\000u\000m\000e\000n\000t\000a\000t\000i\000o\000n}{subsection.1.36}% 118
\BOOKMARK [2][-]{subsection.1.37}{\376\377\0001\000.\0003\0007\000\040\000R\000i\000g\000i\000d\000B\000o\000d\000y\000C\000o\000m\000p\000o\000n\000e\000n\000t\000\040\000S\000t\000r\000u\000c\000t\000\040\000R\000e\000f\000e\000r\000e\000n\000c\000e}{section.1}% 119
\BOOKMARK [3][-]{subsubsection.1.37.1}{\376\377\0001\000.\0003\0007\000.\0001\000\040\000D\000e\000t\000a\000i\000l\000e\000d\000\040\000D\000e\000s\000c\000r\000i\000p\000t\000i\000o\000n}{subsection.1.37}% 120
\BOOKMARK [3][-]{subsubsection.1.37.2}{\376\377\0001\000.\0003\0007\000.\0002\000\040\000C\000o\000n\000s\000t\000r\000u\000c\000t\000o\000r\000\040\000\046\000\040\000D\000e\000s\000t\000r\000u\000c\000t\000o\000r\000\040\000D\000o\000c\000u\000m\000e\000n\000t\000a\000t\000i\000o\000n}{subsection.1.37}% 121
\BOOKMARK [2][-]{subsection.1.38}{\376\377\0001\000.\0003\0008\000\040\000S\000c\000e\000n\000e\000L\000o\000a\000d\000e\000r\000\040\000C\000l\000a\000s\000s\000\040\000R\000e\000f\000e\000r\000e\000n\000c\000e}{section.1}% 122
\BOOKMARK [3][-]{subsubsection.1.38.1}{\376\377\0001\000.\0003\0008\000.\0001\000\040\000D\000e\000t\000a\000i\000l\000e\000d\000\040\000D\000e\000s\000c\000r\000i\000p\000t\000i\000o\000n}{subsection.1.38}% 123
\BOOKMARK [3][-]{subsubsection.1.38.2}{\376\377\0001\000.\0003\0008\000.\0002\000\040\000M\000e\000m\000b\000e\000r\000\040\000F\000u\000n\000c\000t\000i\000o\000n\000\040\000D\000o\000c\000u\000m\000e\000n\000t\000a\000t\000i\000o\000n}{subsection.1.38}% 124
\BOOKMARK [2][-]{subsection.1.39}{\376\377\0001\000.\0003\0009\000\040\000S\000c\000e\000n\000e\000M\000a\000n\000a\000g\000e\000r\000\040\000C\000l\000a\000s\000s\000\040\000R\000e\000f\000e\000r\000e\000n\000c\000e}{section.1}% 125
\BOOKMARK [3][-]{subsubsection.1.39.1}{\376\377\0001\000.\0003\0009\000.\0001\000\040\000D\000e\000t\000a\000i\000l\000e\000d\000\040\000D\000e\000s\000c\000r\000i\000p\000t\000i\000o\000n}{subsection.1.39}% 126
\BOOKMARK [3][-]{subsubsection.1.39.2}{\376\377\0001\000.\0003\0009\000.\0002\000\040\000M\000e\000m\000b\000e\000r\000\040\000F\000u\000n\000c\000t\000i\000o\000n\000\040\000D\000o\000c\000u\000m\000e\000n\000t\000a\000t\000i\000o\000n}{subsection.1.39}% 127
\BOOKMARK [2][-]{subsection.1.40}{\376\377\0001\000.\0004\0000\000\040\000S\000c\000r\000i\000p\000t\000C\000o\000m\000p\000o\000n\000e\000n\000t\000\040\000S\000t\000r\000u\000c\000t\000\040\000R\000e\000f\000e\000r\000e\000n\000c\000e}{section.1}% 128
\BOOKMARK [3][-]{subsubsection.1.40.1}{\376\377\0001\000.\0004\0000\000.\0001\000\040\000D\000e\000t\000a\000i\000l\000e\000d\000\040\000D\000e\000s\000c\000r\000i\000p\000t\000i\000o\000n}{subsection.1.40}% 129
\BOOKMARK [3][-]{subsubsection.1.40.2}{\376\377\0001\000.\0004\0000\000.\0002\000\040\000C\000o\000n\000s\000t\000r\000u\000c\000t\000o\000r\000\040\000\046\000\040\000D\000e\000s\000t\000r\000u\000c\000t\000o\000r\000\040\000D\000o\000c\000u\000m\000e\000n\000t\000a\000t\000i\000o\000n}{subsection.1.40}% 130
\BOOKMARK [2][-]{subsection.1.41}{\376\377\0001\000.\0004\0001\000\040\000S\000c\000r\000i\000p\000t\000S\000y\000s\000t\000e\000m\000\040\000C\000l\000a\000s\000s\000\040\000R\000e\000f\000e\000r\000e\000n\000c\000e}{section.1}% 131
\BOOKMARK [3][-]{subsubsection.1.41.1}{\376\377\0001\000.\0004\0001\000.\0001\000\040\000D\000e\000t\000a\000i\000l\000e\000d\000\040\000D\000e\000s\000c\000r\000i\000p\000t\000i\000o\000n}{subsection.1.41}% 132
\BOOKMARK [3][-]{subsubsection.1.41.2}{\376\377\0001\000.\0004\0001\000.\0002\000\040\000M\000e\000m\000b\000e\000r\000\040\000F\000u\000n\000c\000t\000i\000o\000n\000\040\000D\000o\000c\000u\000m\000e\000n\000t\000a\000t\000i\000o\000n}{subsection.1.41}% 133
\BOOKMARK [2][-]{subsection.1.42}{\376\377\0001\000.\0004\0002\000\040\000S\000l\000o\000w\000C\000h\000a\000r\000g\000e\000C\000o\000m\000p\000o\000n\000e\000n\000t\000\040\000S\000t\000r\000u\000c\000t\000\040\000R\000e\000f\000e\000r\000e\000n\000c\000e}{section.1}% 134
\BOOKMARK [3][-]{subsubsection.1.42.1}{\376\377\0001\000.\0004\0002\000.\0001\000\040\000D\000e\000t\000a\000i\000l\000e\000d\000\040\000D\000e\000s\000c\000r\000i\000p\000t\000i\000o\000n}{subsection.1.42}% 135
\BOOKMARK [3][-]{subsubsection.1.42.2}{\376\377\0001\000.\0004\0002\000.\0002\000\040\000C\000o\000n\000s\000t\000r\000u\000c\000t\000o\000r\000\040\000\046\000\040\000D\000e\000s\000t\000r\000u\000c\000t\000o\000r\000\040\000D\000o\000c\000u\000m\000e\000n\000t\000a\000t\000i\000o\000n}{subsection.1.42}% 136
\BOOKMARK [3][-]{subsubsection.1.42.3}{\376\377\0001\000.\0004\0002\000.\0003\000\040\000M\000e\000m\000b\000e\000r\000\040\000F\000u\000n\000c\000t\000i\000o\000n\000\040\000D\000o\000c\000u\000m\000e\000n\000t\000a\000t\000i\000o\000n}{subsection.1.42}% 137
\BOOKMARK [2][-]{subsection.1.43}{\376\377\0001\000.\0004\0003\000\040\000S\000o\000u\000n\000d\000C\000o\000m\000p\000o\000n\000e\000n\000t\000\040\000S\000t\000r\000u\000c\000t\000\040\000R\000e\000f\000e\000r\000e\000n\000c\000e}{section.1}% 138
\BOOKMARK [3][-]{subsubsection.1.43.1}{\376\377\0001\000.\0004\0003\000.\0001\000\040\000D\000e\000t\000a\000i\000l\000e\000d\000\040\000D\000e\000s\000c\000r\000i\000p\000t\000i\000o\000n}{subsection.1.43}% 139
\BOOKMARK [3][-]{subsubsection.1.43.2}{\376\377\0001\000.\0004\0003\000.\0002\000\040\000C\000o\000n\000s\000t\000r\000u\000c\000t\000o\000r\000\040\000\046\000\040\000D\000e\000s\000t\000r\000u\000c\000t\000o\000r\000\040\000D\000o\000c\000u\000m\000e\000n\000t\000a\000t\000i\000o\000n}{subsection.1.43}% 140
\BOOKMARK [2][-]{subsection.1.44}{\376\377\0001\000.\0004\0004\000\040\000S\000o\000u\000n\000d\000S\000y\000s\000t\000e\000m\000\040\000C\000l\000a\000s\000s\000\040\000R\000e\000f\000e\000r\000e\000n\000c\000e}{section.1}% 141
\BOOKMARK [3][-]{subsubsection.1.44.1}{\376\377\0001\000.\0004\0004\000.\0001\000\040\000D\000e\000t\000a\000i\000l\000e\000d\000\040\000D\000e\000s\000c\000r\000i\000p\000t\000i\000o\000n}{subsection.1.44}% 142
\BOOKMARK [3][-]{subsubsection.1.44.2}{\376\377\0001\000.\0004\0004\000.\0002\000\040\000M\000e\000m\000b\000e\000r\000\040\000F\000u\000n\000c\000t\000i\000o\000n\000\040\000D\000o\000c\000u\000m\000e\000n\000t\000a\000t\000i\000o\000n}{subsection.1.44}% 143
\BOOKMARK [2][-]{subsection.1.45}{\376\377\0001\000.\0004\0005\000\040\000S\000p\000r\000i\000n\000t\000C\000h\000a\000r\000g\000e\000C\000o\000m\000p\000o\000n\000e\000n\000t\000\040\000S\000t\000r\000u\000c\000t\000\040\000R\000e\000f\000e\000r\000e\000n\000c\000e}{section.1}% 144
\BOOKMARK [3][-]{subsubsection.1.45.1}{\376\377\0001\000.\0004\0005\000.\0001\000\040\000D\000e\000t\000a\000i\000l\000e\000d\000\040\000D\000e\000s\000c\000r\000i\000p\000t\000i\000o\000n}{subsection.1.45}% 145
\BOOKMARK [3][-]{subsubsection.1.45.2}{\376\377\0001\000.\0004\0005\000.\0002\000\040\000C\000o\000n\000s\000t\000r\000u\000c\000t\000o\000r\000\040\000\046\000\040\000D\000e\000s\000t\000r\000u\000c\000t\000o\000r\000\040\000D\000o\000c\000u\000m\000e\000n\000t\000a\000t\000i\000o\000n}{subsection.1.45}% 146
\BOOKMARK [3][-]{subsubsection.1.45.3}{\376\377\0001\000.\0004\0005\000.\0003\000\040\000M\000e\000m\000b\000e\000r\000\040\000F\000u\000n\000c\000t\000i\000o\000n\000\040\000D\000o\000c\000u\000m\000e\000n\000t\000a\000t\000i\000o\000n}{subsection.1.45}% 147
\BOOKMARK [2][-]{subsection.1.46}{\376\377\0001\000.\0004\0006\000\040\000S\000p\000r\000i\000t\000e\000C\000o\000m\000p\000o\000n\000e\000n\000t\000\040\000S\000t\000r\000u\000c\000t\000\040\000R\000e\000f\000e\000r\000e\000n\000c\000e}{section.1}% 148
\BOOKMARK [3][-]{subsubsection.1.46.1}{\376\377\0001\000.\0004\0006\000.\0001\000\040\000D\000e\000t\000a\000i\000l\000e\000d\000\040\000D\000e\000s\000c\000r\000i\000p\000t\000i\000o\000n}{subsection.1.46}% 149
\BOOKMARK [3][-]{subsubsection.1.46.2}{\376\377\0001\000.\0004\0006\000.\0002\000\040\000C\000o\000n\000s\000t\000r\000u\000c\000t\000o\000r\000\040\000\046\000\040\000D\000e\000s\000t\000r\000u\000c\000t\000o\000r\000\040\000D\000o\000c\000u\000m\000e\000n\000t\000a\000t\000i\000o\000n}{subsection.1.46}% 150
\BOOKMARK [2][-]{subsection.1.47}{\376\377\0001\000.\0004\0007\000\040\000S\000y\000s\000t\000e\000m\000\040\000C\000l\000a\000s\000s\000\040\000R\000e\000f\000e\000r\000e\000n\000c\000e}{section.1}% 151
\BOOKMARK [3][-]{subsubsection.1.47.1}{\376\377\0001\000.\0004\0007\000.\0001\000\040\000D\000e\000t\000a\000i\000l\000e\000d\000\040\000D\000e\000s\000c\000r\000i\000p\000t\000i\000o\000n}{subsection.1.47}% 152
\BOOKMARK [3][-]{subsubsection.1.47.2}{\376\377\0001\000.\0004\0007\000.\0002\000\040\000M\000e\000m\000b\000e\000r\000\040\000F\000u\000n\000c\000t\000i\000o\000n\000\040\000D\000o\000c\000u\000m\000e\000n\000t\000a\000t\000i\000o\000n}{subsection.1.47}% 153
\BOOKMARK [2][-]{subsection.1.48}{\376\377\0001\000.\0004\0008\000\040\000T\000e\000x\000t\000C\000o\000m\000p\000o\000n\000e\000n\000t\000\040\000S\000t\000r\000u\000c\000t\000\040\000R\000e\000f\000e\000r\000e\000n\000c\000e}{section.1}% 154
\BOOKMARK [3][-]{subsubsection.1.48.1}{\376\377\0001\000.\0004\0008\000.\0001\000\040\000D\000e\000t\000a\000i\000l\000e\000d\000\040\000D\000e\000s\000c\000r\000i\000p\000t\000i\000o\000n}{subsection.1.48}% 155
\BOOKMARK [3][-]{subsubsection.1.48.2}{\376\377\0001\000.\0004\0008\000.\0002\000\040\000C\000o\000n\000s\000t\000r\000u\000c\000t\000o\000r\000\040\000\046\000\040\000D\000e\000s\000t\000r\000u\000c\000t\000o\000r\000\040\000D\000o\000c\000u\000m\000e\000n\000t\000a\000t\000i\000o\000n}{subsection.1.48}% 156
\BOOKMARK [2][-]{subsection.1.49}{\376\377\0001\000.\0004\0009\000\040\000T\000r\000a\000n\000s\000f\000o\000r\000m\000C\000o\000m\000p\000o\000n\000e\000n\000t\000\040\000S\000t\000r\000u\000c\000t\000\040\000R\000e\000f\000e\000r\000e\000n\000c\000e}{section.1}% 157
\BOOKMARK [3][-]{subsubsection.1.49.1}{\376\377\0001\000.\0004\0009\000.\0001\000\040\000D\000e\000t\000a\000i\000l\000e\000d\000\040\000D\000e\000s\000c\000r\000i\000p\000t\000i\000o\000n}{subsection.1.49}% 158
\BOOKMARK [3][-]{subsubsection.1.49.2}{\376\377\0001\000.\0004\0009\000.\0002\000\040\000C\000o\000n\000s\000t\000r\000u\000c\000t\000o\000r\000\040\000\046\000\040\000D\000e\000s\000t\000r\000u\000c\000t\000o\000r\000\040\000D\000o\000c\000u\000m\000e\000n\000t\000a\000t\000i\000o\000n}{subsection.1.49}% 159
\BOOKMARK [2][-]{subsection.1.50}{\376\377\0001\000.\0005\0000\000\040\000U\000I\000S\000y\000s\000t\000e\000m\000\040\000C\000l\000a\000s\000s\000\040\000R\000e\000f\000e\000r\000e\000n\000c\000e}{section.1}% 160
\BOOKMARK [3][-]{subsubsection.1.50.1}{\376\377\0001\000.\0005\0000\000.\0001\000\040\000D\000e\000t\000a\000i\000l\000e\000d\000\040\000D\000e\000s\000c\000r\000i\000p\000t\000i\000o\000n}{subsection.1.50}% 161
\BOOKMARK [3][-]{subsubsection.1.50.2}{\376\377\0001\000.\0005\0000\000.\0002\000\040\000C\000o\000n\000s\000t\000r\000u\000c\000t\000o\000r\000\040\000\046\000\040\000D\000e\000s\000t\000r\000u\000c\000t\000o\000r\000\040\000D\000o\000c\000u\000m\000e\000n\000t\000a\000t\000i\000o\000n}{subsection.1.50}% 162
\BOOKMARK [3][-]{subsubsection.1.50.3}{\376\377\0001\000.\0005\0000\000.\0003\000\040\000M\000e\000m\000b\000e\000r\000\040\000F\000u\000n\000c\000t\000i\000o\000n\000\040\000D\000o\000c\000u\000m\000e\000n\000t\000a\000t\000i\000o\000n}{subsection.1.50}% 163
\BOOKMARK [1][-]{section.2}{\376\377\0002\000\040\000F\000i\000l\000e\000\040\000D\000o\000c\000u\000m\000e\000n\000t\000a\000t\000i\000o\000n}{}% 164
\BOOKMARK [2][-]{subsection.2.1}{\376\377\0002\000.\0001\000\040\000A\000s\000s\000e\000t\000M\000a\000n\000a\000g\000e\000r\000.\000h\000p\000p}{section.2}% 165
\BOOKMARK [2][-]{subsection.2.2}{\376\377\0002\000.\0002\000\040\000L\000u\000a\000B\000i\000n\000d\000i\000n\000g\000.\000h\000p\000p}{section.2}% 166
\BOOKMARK [2][-]{subsection.2.3}{\376\377\0002\000.\0003\000\040\000A\000n\000i\000m\000a\000t\000i\000o\000n\000C\000o\000m\000p\000o\000n\000e\000n\000t\000.\000h\000p\000p}{section.2}% 167
\BOOKMARK [2][-]{subsection.2.4}{\376\377\0002\000.\0004\000\040\000C\000i\000r\000c\000l\000e\000C\000o\000l\000l\000i\000d\000e\000r\000C\000o\000m\000p\000o\000n\000e\000n\000t\000.\000h\000p\000p}{section.2}% 168
\BOOKMARK [2][-]{subsection.2.5}{\376\377\0002\000.\0005\000\040\000C\000l\000i\000c\000k\000a\000b\000l\000e\000C\000o\000m\000p\000o\000n\000e\000n\000t\000.\000h\000p\000p}{section.2}% 169
\BOOKMARK [2][-]{subsection.2.6}{\376\377\0002\000.\0006\000\040\000D\000a\000m\000a\000g\000e\000C\000h\000a\000r\000g\000e\000C\000o\000m\000p\000o\000n\000e\000n\000t\000.\000h\000p\000p}{section.2}% 170
\BOOKMARK [2][-]{subsection.2.7}{\376\377\0002\000.\0007\000\040\000D\000r\000a\000w\000a\000b\000l\000e\000C\000o\000m\000p\000o\000n\000e\000n\000t\000.\000h\000p\000p}{section.2}% 171
\BOOKMARK [2][-]{subsection.2.8}{\376\377\0002\000.\0008\000\040\000E\000f\000f\000e\000c\000t\000R\000e\000c\000e\000i\000v\000e\000r\000C\000o\000m\000p\000o\000n\000e\000n\000t\000.\000h\000p\000p}{section.2}% 172
\BOOKMARK [2][-]{subsection.2.9}{\376\377\0002\000.\0009\000\040\000E\000n\000e\000m\000y\000C\000o\000m\000p\000o\000n\000e\000n\000t\000.\000h\000p\000p}{section.2}% 173
\BOOKMARK [2][-]{subsection.2.10}{\376\377\0002\000.\0001\0000\000\040\000H\000e\000a\000l\000t\000h\000C\000o\000m\000p\000o\000n\000e\000n\000t\000.\000h\000p\000p}{section.2}% 174
\BOOKMARK [2][-]{subsection.2.11}{\376\377\0002\000.\0001\0001\000\040\000I\000d\000e\000n\000t\000i\000f\000i\000e\000r\000C\000o\000m\000p\000o\000n\000e\000n\000t\000.\000h\000p\000p}{section.2}% 175
\BOOKMARK [2][-]{subsection.2.12}{\376\377\0002\000.\0001\0002\000\040\000P\000r\000o\000j\000e\000c\000t\000i\000l\000e\000C\000o\000m\000p\000o\000n\000e\000n\000t\000.\000h\000p\000p}{section.2}% 176
\BOOKMARK [2][-]{subsection.2.13}{\376\377\0002\000.\0001\0003\000\040\000R\000i\000g\000i\000d\000B\000o\000d\000y\000C\000o\000m\000p\000o\000n\000e\000n\000t\000.\000h\000p\000p}{section.2}% 177
\BOOKMARK [2][-]{subsection.2.14}{\376\377\0002\000.\0001\0004\000\040\000S\000c\000r\000i\000p\000t\000C\000o\000m\000p\000o\000n\000e\000n\000t\000.\000h\000p\000p}{section.2}% 178
\BOOKMARK [2][-]{subsection.2.15}{\376\377\0002\000.\0001\0005\000\040\000S\000l\000o\000w\000C\000h\000a\000r\000g\000e\000C\000o\000m\000p\000o\000n\000e\000n\000t\000.\000h\000p\000p}{section.2}% 179
\BOOKMARK [2][-]{subsection.2.16}{\376\377\0002\000.\0001\0006\000\040\000S\000o\000u\000n\000d\000C\000o\000m\000p\000o\000n\000e\000n\000t\000.\000h\000p\000p}{section.2}% 180
\BOOKMARK [2][-]{subsection.2.17}{\376\377\0002\000.\0001\0007\000\040\000S\000p\000r\000i\000n\000t\000C\000h\000a\000r\000g\000e\000C\000o\000m\000p\000o\000n\000e\000n\000t\000.\000h\000p\000p}{section.2}% 181
\BOOKMARK [2][-]{subsection.2.18}{\376\377\0002\000.\0001\0008\000\040\000S\000p\000r\000i\000t\000e\000C\000o\000m\000p\000o\000n\000e\000n\000t\000.\000h\000p\000p}{section.2}% 182
\BOOKMARK [2][-]{subsection.2.19}{\376\377\0002\000.\0001\0009\000\040\000T\000e\000x\000t\000C\000o\000m\000p\000o\000n\000e\000n\000t\000.\000h\000p\000p}{section.2}% 183
\BOOKMARK [2][-]{subsection.2.20}{\376\377\0002\000.\0002\0000\000\040\000T\000r\000a\000n\000s\000f\000o\000r\000m\000C\000o\000m\000p\000o\000n\000e\000n\000t\000.\000h\000p\000p}{section.2}% 184
\BOOKMARK [2][-]{subsection.2.21}{\376\377\0002\000.\0002\0001\000\040\000C\000o\000n\000t\000r\000o\000l\000l\000e\000r\000M\000a\000n\000a\000g\000e\000r\000.\000h\000p\000p}{section.2}% 185
\BOOKMARK [2][-]{subsection.2.22}{\376\377\0002\000.\0002\0002\000\040\000E\000C\000S\000.\000h\000p\000p}{section.2}% 186
\BOOKMARK [2][-]{subsection.2.23}{\376\377\0002\000.\0002\0003\000\040\000E\000v\000e\000n\000t\000.\000h\000p\000p}{section.2}% 187
\BOOKMARK [2][-]{subsection.2.24}{\376\377\0002\000.\0002\0004\000\040\000E\000v\000e\000n\000t\000M\000a\000n\000a\000g\000e\000r\000.\000h\000p\000p}{section.2}% 188
\BOOKMARK [2][-]{subsection.2.25}{\376\377\0002\000.\0002\0005\000\040\000C\000l\000i\000c\000k\000E\000v\000e\000n\000t\000.\000h\000p\000p}{section.2}% 189
\BOOKMARK [2][-]{subsection.2.26}{\376\377\0002\000.\0002\0006\000\040\000C\000o\000l\000l\000i\000s\000i\000o\000n\000E\000v\000e\000n\000t\000.\000h\000p\000p}{section.2}% 190
\BOOKMARK [2][-]{subsection.2.27}{\376\377\0002\000.\0002\0007\000\040\000G\000a\000m\000e\000.\000h\000p\000p}{section.2}% 191
\BOOKMARK [2][-]{subsection.2.28}{\376\377\0002\000.\0002\0008\000\040\000S\000c\000e\000n\000e\000L\000o\000a\000d\000e\000r\000.\000h\000p\000p}{section.2}% 192
\BOOKMARK [2][-]{subsection.2.29}{\376\377\0002\000.\0002\0009\000\040\000S\000c\000e\000n\000e\000M\000a\000n\000a\000g\000e\000r\000.\000h\000p\000p}{section.2}% 193
\BOOKMARK [2][-]{subsection.2.30}{\376\377\0002\000.\0003\0000\000\040\000A\000n\000i\000m\000a\000t\000i\000o\000n\000S\000y\000s\000t\000e\000m\000.\000h\000p\000p}{section.2}% 194
\BOOKMARK [2][-]{subsection.2.31}{\376\377\0002\000.\0003\0001\000\040\000C\000h\000a\000r\000g\000e\000M\000a\000n\000a\000g\000e\000S\000y\000s\000t\000e\000m\000.\000h\000p\000p}{section.2}% 195
\BOOKMARK [2][-]{subsection.2.32}{\376\377\0002\000.\0003\0002\000\040\000C\000o\000l\000l\000i\000s\000i\000o\000n\000S\000y\000s\000t\000e\000m\000.\000h\000p\000p}{section.2}% 196
\BOOKMARK [2][-]{subsection.2.33}{\376\377\0002\000.\0003\0003\000\040\000D\000a\000m\000a\000g\000e\000S\000y\000s\000t\000e\000m\000.\000h\000p\000p}{section.2}% 197
\BOOKMARK [2][-]{subsection.2.34}{\376\377\0002\000.\0003\0004\000\040\000D\000r\000a\000w\000i\000n\000g\000E\000f\000f\000e\000c\000t\000S\000y\000s\000t\000e\000m\000.\000h\000p\000p}{section.2}% 198
\BOOKMARK [2][-]{subsection.2.35}{\376\377\0002\000.\0003\0005\000\040\000D\000r\000a\000w\000S\000y\000s\000t\000e\000m\000.\000h\000p\000p}{section.2}% 199
\BOOKMARK [2][-]{subsection.2.36}{\376\377\0002\000.\0003\0006\000\040\000E\000n\000e\000m\000y\000S\000y\000s\000t\000e\000m\000.\000h\000p\000p}{section.2}% 200
\BOOKMARK [2][-]{subsection.2.37}{\376\377\0002\000.\0003\0007\000\040\000H\000e\000a\000l\000t\000h\000S\000y\000s\000t\000e\000m\000.\000h\000p\000p}{section.2}% 201
\BOOKMARK [2][-]{subsection.2.38}{\376\377\0002\000.\0003\0008\000\040\000M\000o\000v\000e\000m\000e\000n\000t\000S\000y\000s\000t\000e\000m\000.\000h\000p\000p}{section.2}% 202
\BOOKMARK [2][-]{subsection.2.39}{\376\377\0002\000.\0003\0009\000\040\000R\000e\000n\000d\000e\000r\000S\000y\000s\000t\000e\000m\000.\000h\000p\000p}{section.2}% 203
\BOOKMARK [2][-]{subsection.2.40}{\376\377\0002\000.\0004\0000\000\040\000R\000e\000n\000d\000e\000r\000T\000e\000x\000t\000S\000y\000s\000t\000e\000m\000.\000h\000p\000p}{section.2}% 204
\BOOKMARK [2][-]{subsection.2.41}{\376\377\0002\000.\0004\0001\000\040\000S\000c\000r\000i\000p\000t\000S\000y\000s\000t\000e\000m\000.\000h\000p\000p}{section.2}% 205
\BOOKMARK [2][-]{subsection.2.42}{\376\377\0002\000.\0004\0002\000\040\000S\000o\000u\000n\000d\000S\000y\000s\000t\000e\000m\000.\000h\000p\000p}{section.2}% 206
\BOOKMARK [2][-]{subsection.2.43}{\376\377\0002\000.\0004\0003\000\040\000U\000I\000S\000y\000s\000t\000e\000m\000.\000h\000p\000p}{section.2}% 207
\BOOKMARK [2][-]{subsection.2.44}{\376\377\0002\000.\0004\0004\000\040\000P\000o\000o\000l\000.\000h\000p\000p}{section.2}% 208
\BOOKMARK [1][-]{section*.231}{\376\377\000I\000n\000d\000e\000x}{}% 209
